2024-08-06 18:33:41,904 - aqt.main - INFO - installer 140559976331072 aqtinstall(aqt) v3.1.18 on Python 3.8.10 [CPython GCC 9.4.0]
2024-08-06 18:33:41,906 - aqt.helper - DEBUG - helper 140559976331072 Attempt to download checksum at https://download.qt.io/online/qtsdkrepository/linux_x64/desktop/qt6_663/Updates.xml.sha256
2024-08-06 18:33:45,034 - aqt.helper - DEBUG - helper 139639100081984 Attempt to download checksum at https://download.qt.io/online/qtsdkrepository/linux_x64/desktop/qt6_663/qt.qt6.663.addons.qtcharts.gcc_64/6.6.3-0-202403191846qtcharts-Linux-RHEL_8_8-GCC-Linux-RHEL_8_8-X86_64.7z.sha256
2024-08-06 18:33:45,037 - aqt.helper - DEBUG - helper 140250945976128 Attempt to download checksum at https://download.qt.io/online/qtsdkrepository/linux_x64/desktop/qt6_663/qt.qt6.663.addons.qtimageformats.gcc_64/6.6.3-0-202403191846qtimageformats-Linux-RHEL_8_8-GCC-Linux-RHEL_8_8-X86_64.7z.sha256
2024-08-06 18:33:45,047 - aqt.helper - DEBUG - helper 140030485317440 Attempt to download checksum at https://download.qt.io/online/qtsdkrepository/linux_x64/desktop/qt6_663/qt.qt6.663.addons.qtmultimedia.gcc_64/6.6.3-0-202403191846qtmultimedia-Linux-RHEL_8_8-GCC-Linux-RHEL_8_8-X86_64.7z.sha256
2024-08-06 18:33:45,073 - aqt.helper - DEBUG - helper 139928880383808 Attempt to download checksum at https://download.qt.io/online/qtsdkrepository/linux_x64/desktop/qt6_663/qt.qt6.663.addons.qtsensors.gcc_64/6.6.3-0-202403191846qtsensors-Linux-RHEL_8_8-GCC-Linux-RHEL_8_8-X86_64.7z.sha256
2024-08-06 18:33:46,311 - aqt.helper - INFO - helper 140250945976128 Downloading qtimageformats...
2024-08-06 18:33:46,312 - aqt.helper - INFO - helper 139639100081984 Downloading qtcharts...
2024-08-06 18:33:46,311 - aqt.installer - DEBUG - installer 140250945976128 Download URL: https://download.qt.io/online/qtsdkrepository/linux_x64/desktop/qt6_663/qt.qt6.663.addons.qtimageformats.gcc_64/6.6.3-0-202403191846qtimageformats-Linux-RHEL_8_8-GCC-Linux-RHEL_8_8-X86_64.7z
2024-08-06 18:33:46,313 - aqt.installer - DEBUG - installer 139639100081984 Download URL: https://download.qt.io/online/qtsdkrepository/linux_x64/desktop/qt6_663/qt.qt6.663.addons.qtcharts.gcc_64/6.6.3-0-202403191846qtcharts-Linux-RHEL_8_8-GCC-Linux-RHEL_8_8-X86_64.7z
2024-08-06 18:33:46,433 - aqt.helper - INFO - helper 139928880383808 Downloading qtsensors...
2024-08-06 18:33:46,433 - aqt.installer - DEBUG - installer 139928880383808 Download URL: https://download.qt.io/online/qtsdkrepository/linux_x64/desktop/qt6_663/qt.qt6.663.addons.qtsensors.gcc_64/6.6.3-0-202403191846qtsensors-Linux-RHEL_8_8-GCC-Linux-RHEL_8_8-X86_64.7z
2024-08-06 18:33:46,445 - aqt.helper - INFO - helper 140030485317440 Downloading qtmultimedia...
2024-08-06 18:33:46,446 - aqt.installer - DEBUG - installer 140030485317440 Download URL: https://download.qt.io/online/qtsdkrepository/linux_x64/desktop/qt6_663/qt.qt6.663.addons.qtmultimedia.gcc_64/6.6.3-0-202403191846qtmultimedia-Linux-RHEL_8_8-GCC-Linux-RHEL_8_8-X86_64.7z
2024-08-06 18:33:47,563 - aqt.helper - DEBUG - helper 139639100081984 Asked to redirect(302) to: https://mirrors.sjtug.sjtu.edu.cn/qt/online/qtsdkrepository/linux_x64/desktop/qt6_663/qt.qt6.663.addons.qtcharts.gcc_64/6.6.3-0-202403191846qtcharts-Linux-RHEL_8_8-GCC-Linux-RHEL_8_8-X86_64.7z
2024-08-06 18:33:47,564 - aqt.helper - INFO - helper 139639100081984 Redirected: mirrors.sjtug.sjtu.edu.cn
2024-08-06 18:33:47,580 - aqt.helper - DEBUG - helper 140250945976128 Asked to redirect(302) to: https://mirrors.sjtug.sjtu.edu.cn/qt/online/qtsdkrepository/linux_x64/desktop/qt6_663/qt.qt6.663.addons.qtimageformats.gcc_64/6.6.3-0-202403191846qtimageformats-Linux-RHEL_8_8-GCC-Linux-RHEL_8_8-X86_64.7z
2024-08-06 18:33:47,580 - aqt.helper - INFO - helper 140250945976128 Redirected: mirrors.sjtug.sjtu.edu.cn
2024-08-06 18:33:47,685 - aqt.helper - DEBUG - helper 140030485317440 Asked to redirect(302) to: https://mirrors.sjtug.sjtu.edu.cn/qt/online/qtsdkrepository/linux_x64/desktop/qt6_663/qt.qt6.663.addons.qtmultimedia.gcc_64/6.6.3-0-202403191846qtmultimedia-Linux-RHEL_8_8-GCC-Linux-RHEL_8_8-X86_64.7z
2024-08-06 18:33:47,685 - aqt.helper - INFO - helper 140030485317440 Redirected: mirrors.sjtug.sjtu.edu.cn
2024-08-06 18:33:47,749 - aqt.helper - DEBUG - helper 139928880383808 Asked to redirect(302) to: https://mirrors.sjtug.sjtu.edu.cn/qt/online/qtsdkrepository/linux_x64/desktop/qt6_663/qt.qt6.663.addons.qtsensors.gcc_64/6.6.3-0-202403191846qtsensors-Linux-RHEL_8_8-GCC-Linux-RHEL_8_8-X86_64.7z
2024-08-06 18:33:47,750 - aqt.helper - INFO - helper 139928880383808 Redirected: mirrors.sjtug.sjtu.edu.cn
2024-08-06 18:33:51,082 - aqt.installer - INFO - installer 139928880383808 Finished installation of qtsensors-Linux-RHEL_8_8-GCC-Linux-RHEL_8_8-X86_64.7z in 6.01174987
2024-08-06 18:33:51,096 - aqt.helper - DEBUG - helper 139928880383808 Attempt to download checksum at https://download.qt.io/online/qtsdkrepository/linux_x64/desktop/qt6_663/qt.qt6.663.addons.qtserialport.gcc_64/6.6.3-0-202403191846qtserialport-Linux-RHEL_8_8-GCC-Linux-RHEL_8_8-X86_64.7z.sha256
2024-08-06 18:33:52,379 - aqt.helper - INFO - helper 139928880383808 Downloading qtserialport...
2024-08-06 18:33:52,380 - aqt.installer - DEBUG - installer 139928880383808 Download URL: https://download.qt.io/online/qtsdkrepository/linux_x64/desktop/qt6_663/qt.qt6.663.addons.qtserialport.gcc_64/6.6.3-0-202403191846qtserialport-Linux-RHEL_8_8-GCC-Linux-RHEL_8_8-X86_64.7z
2024-08-06 18:33:53,675 - aqt.helper - DEBUG - helper 139928880383808 Asked to redirect(302) to: https://mirrors.sjtug.sjtu.edu.cn/qt/online/qtsdkrepository/linux_x64/desktop/qt6_663/qt.qt6.663.addons.qtserialport.gcc_64/6.6.3-0-202403191846qtserialport-Linux-RHEL_8_8-GCC-Linux-RHEL_8_8-X86_64.7z
2024-08-06 18:33:53,675 - aqt.helper - INFO - helper 139928880383808 Redirected: mirrors.sjtug.sjtu.edu.cn
2024-08-06 18:33:54,440 - aqt.installer - INFO - installer 140250945976128 Finished installation of qtimageformats-Linux-RHEL_8_8-GCC-Linux-RHEL_8_8-X86_64.7z in 9.40799900
2024-08-06 18:33:54,456 - aqt.helper - DEBUG - helper 140250945976128 Attempt to download checksum at https://download.qt.io/online/qtsdkrepository/linux_x64/desktop/qt6_663/qt.qt6.663.addons.qtlocation.gcc_64/6.6.3-0-202403191846qtlocation-Linux-RHEL_8_8-GCC-Linux-RHEL_8_8-X86_64.7z.sha256
2024-08-06 18:33:55,444 - aqt.installer - INFO - installer 139639100081984 Finished installation of qtcharts-Linux-RHEL_8_8-GCC-Linux-RHEL_8_8-X86_64.7z in 10.41517974
2024-08-06 18:33:55,457 - aqt.helper - DEBUG - helper 139639100081984 Attempt to download checksum at https://download.qt.io/online/qtsdkrepository/linux_x64/desktop/qt6_663/qt.qt6.663.addons.qtconnectivity.gcc_64/6.6.3-0-202403191846qtconnectivity-Linux-RHEL_8_8-GCC-Linux-RHEL_8_8-X86_64.7z.sha256
2024-08-06 18:33:55,659 - aqt.installer - INFO - installer 139928880383808 Finished installation of qtserialport-Linux-RHEL_8_8-GCC-Linux-RHEL_8_8-X86_64.7z in 4.56681001
2024-08-06 18:33:55,677 - aqt.helper - DEBUG - helper 139928880383808 Attempt to download checksum at https://download.qt.io/online/qtsdkrepository/linux_x64/desktop/qt6_663/qt.qt6.663.addons.qtspeech.gcc_64/6.6.3-0-202403191846qtspeech-Linux-RHEL_8_8-GCC-Linux-RHEL_8_8-X86_64.7z.sha256
2024-08-06 18:33:55,779 - aqt.helper - INFO - helper 140250945976128 Downloading qtlocation...
2024-08-06 18:33:55,779 - aqt.installer - DEBUG - installer 140250945976128 Download URL: https://download.qt.io/online/qtsdkrepository/linux_x64/desktop/qt6_663/qt.qt6.663.addons.qtlocation.gcc_64/6.6.3-0-202403191846qtlocation-Linux-RHEL_8_8-GCC-Linux-RHEL_8_8-X86_64.7z
2024-08-06 18:33:56,718 - aqt.helper - INFO - helper 139639100081984 Downloading qtconnectivity...
2024-08-06 18:33:56,718 - aqt.installer - DEBUG - installer 139639100081984 Download URL: https://download.qt.io/online/qtsdkrepository/linux_x64/desktop/qt6_663/qt.qt6.663.addons.qtconnectivity.gcc_64/6.6.3-0-202403191846qtconnectivity-Linux-RHEL_8_8-GCC-Linux-RHEL_8_8-X86_64.7z
2024-08-06 18:33:56,956 - aqt.helper - INFO - helper 139928880383808 Downloading qtspeech...
2024-08-06 18:33:56,956 - aqt.installer - DEBUG - installer 139928880383808 Download URL: https://download.qt.io/online/qtsdkrepository/linux_x64/desktop/qt6_663/qt.qt6.663.addons.qtspeech.gcc_64/6.6.3-0-202403191846qtspeech-Linux-RHEL_8_8-GCC-Linux-RHEL_8_8-X86_64.7z
2024-08-06 18:33:57,041 - aqt.helper - DEBUG - helper 140250945976128 Asked to redirect(302) to: https://mirrors.sjtug.sjtu.edu.cn/qt/online/qtsdkrepository/linux_x64/desktop/qt6_663/qt.qt6.663.addons.qtlocation.gcc_64/6.6.3-0-202403191846qtlocation-Linux-RHEL_8_8-GCC-Linux-RHEL_8_8-X86_64.7z
2024-08-06 18:33:57,041 - aqt.helper - INFO - helper 140250945976128 Redirected: mirrors.sjtug.sjtu.edu.cn
2024-08-06 18:33:58,010 - aqt.helper - DEBUG - helper 139639100081984 Asked to redirect(302) to: https://mirrors.sjtug.sjtu.edu.cn/qt/online/qtsdkrepository/linux_x64/desktop/qt6_663/qt.qt6.663.addons.qtconnectivity.gcc_64/6.6.3-0-202403191846qtconnectivity-Linux-RHEL_8_8-GCC-Linux-RHEL_8_8-X86_64.7z
2024-08-06 18:33:58,011 - aqt.helper - INFO - helper 139639100081984 Redirected: mirrors.sjtug.sjtu.edu.cn
2024-08-06 18:33:58,218 - aqt.helper - DEBUG - helper 139928880383808 Asked to redirect(302) to: https://mirrors.sjtug.sjtu.edu.cn/qt/online/qtsdkrepository/linux_x64/desktop/qt6_663/qt.qt6.663.addons.qtspeech.gcc_64/6.6.3-0-202403191846qtspeech-Linux-RHEL_8_8-GCC-Linux-RHEL_8_8-X86_64.7z
2024-08-06 18:33:58,219 - aqt.helper - INFO - helper 139928880383808 Redirected: mirrors.sjtug.sjtu.edu.cn
2024-08-06 18:34:01,242 - aqt.installer - INFO - installer 139928880383808 Finished installation of qtspeech-Linux-RHEL_8_8-GCC-Linux-RHEL_8_8-X86_64.7z in 5.56895010
2024-08-06 18:34:01,255 - aqt.helper - DEBUG - helper 139928880383808 Attempt to download checksum at https://download.qt.io/online/qtsdkrepository/linux_x64/desktop/qt6_663/qt.qt6.663.gcc_64/6.6.3-0-202403191846qtbase-Linux-RHEL_8_8-GCC-Linux-RHEL_8_8-X86_64.7z.sha256
2024-08-06 18:34:02,109 - aqt.installer - INFO - installer 140030485317440 Finished installation of qtmultimedia-Linux-RHEL_8_8-GCC-Linux-RHEL_8_8-X86_64.7z in 17.06420766
2024-08-06 18:34:02,125 - aqt.helper - DEBUG - helper 140030485317440 Attempt to download checksum at https://download.qt.io/online/qtsdkrepository/linux_x64/desktop/qt6_663/qt.qt6.663.addons.qtpositioning.gcc_64/6.6.3-0-202403191846qtpositioning-Linux-RHEL_8_8-GCC-Linux-RHEL_8_8-X86_64.7z.sha256
2024-08-06 18:34:02,524 - aqt.helper - INFO - helper 139928880383808 Downloading qtbase...
2024-08-06 18:34:02,524 - aqt.installer - DEBUG - installer 139928880383808 Download URL: https://download.qt.io/online/qtsdkrepository/linux_x64/desktop/qt6_663/qt.qt6.663.gcc_64/6.6.3-0-202403191846qtbase-Linux-RHEL_8_8-GCC-Linux-RHEL_8_8-X86_64.7z
2024-08-06 18:34:03,013 - aqt.installer - INFO - installer 140250945976128 Finished installation of qtlocation-Linux-RHEL_8_8-GCC-Linux-RHEL_8_8-X86_64.7z in 8.55978818
2024-08-06 18:34:03,035 - aqt.helper - DEBUG - helper 140250945976128 Attempt to download checksum at https://download.qt.io/online/qtsdkrepository/linux_x64/desktop/qt6_663/qt.qt6.663.gcc_64/6.6.3-0-202403191846qtsvg-Linux-RHEL_8_8-GCC-Linux-RHEL_8_8-X86_64.7z.sha256
2024-08-06 18:34:03,133 - aqt.installer - INFO - installer 139639100081984 Finished installation of qtconnectivity-Linux-RHEL_8_8-GCC-Linux-RHEL_8_8-X86_64.7z in 7.67895078
2024-08-06 18:34:03,152 - aqt.helper - DEBUG - helper 139639100081984 Attempt to download checksum at https://download.qt.io/online/qtsdkrepository/linux_x64/desktop/qt6_663/qt.qt6.663.gcc_64/6.6.3-0-202403191846qttools-Linux-RHEL_8_8-GCC-Linux-RHEL_8_8-X86_64.7z.sha256
2024-08-06 18:34:03,417 - aqt.helper - INFO - helper 140030485317440 Downloading qtpositioning...
2024-08-06 18:34:03,418 - aqt.installer - DEBUG - installer 140030485317440 Download URL: https://download.qt.io/online/qtsdkrepository/linux_x64/desktop/qt6_663/qt.qt6.663.addons.qtpositioning.gcc_64/6.6.3-0-202403191846qtpositioning-Linux-RHEL_8_8-GCC-Linux-RHEL_8_8-X86_64.7z
2024-08-06 18:34:03,819 - aqt.helper - DEBUG - helper 139928880383808 Asked to redirect(302) to: https://mirrors.sjtug.sjtu.edu.cn/qt/online/qtsdkrepository/linux_x64/desktop/qt6_663/qt.qt6.663.gcc_64/6.6.3-0-202403191846qtbase-Linux-RHEL_8_8-GCC-Linux-RHEL_8_8-X86_64.7z
2024-08-06 18:34:03,819 - aqt.helper - INFO - helper 139928880383808 Redirected: mirrors.sjtug.sjtu.edu.cn
2024-08-06 18:34:04,255 - aqt.helper - INFO - helper 140250945976128 Downloading qtsvg...
2024-08-06 18:34:04,256 - aqt.installer - DEBUG - installer 140250945976128 Download URL: https://download.qt.io/online/qtsdkrepository/linux_x64/desktop/qt6_663/qt.qt6.663.gcc_64/6.6.3-0-202403191846qtsvg-Linux-RHEL_8_8-GCC-Linux-RHEL_8_8-X86_64.7z
2024-08-06 18:34:04,378 - aqt.helper - INFO - helper 139639100081984 Downloading qttools...
2024-08-06 18:34:04,378 - aqt.installer - DEBUG - installer 139639100081984 Download URL: https://download.qt.io/online/qtsdkrepository/linux_x64/desktop/qt6_663/qt.qt6.663.gcc_64/6.6.3-0-202403191846qttools-Linux-RHEL_8_8-GCC-Linux-RHEL_8_8-X86_64.7z
2024-08-06 18:34:04,639 - aqt.helper - DEBUG - helper 140030485317440 Asked to redirect(302) to: https://mirrors.sjtug.sjtu.edu.cn/qt/online/qtsdkrepository/linux_x64/desktop/qt6_663/qt.qt6.663.addons.qtpositioning.gcc_64/6.6.3-0-202403191846qtpositioning-Linux-RHEL_8_8-GCC-Linux-RHEL_8_8-X86_64.7z
2024-08-06 18:34:04,639 - aqt.helper - INFO - helper 140030485317440 Redirected: mirrors.sjtug.sjtu.edu.cn
2024-08-06 18:34:05,487 - aqt.helper - DEBUG - helper 140250945976128 Asked to redirect(302) to: https://mirrors.sjtug.sjtu.edu.cn/qt/online/qtsdkrepository/linux_x64/desktop/qt6_663/qt.qt6.663.gcc_64/6.6.3-0-202403191846qtsvg-Linux-RHEL_8_8-GCC-Linux-RHEL_8_8-X86_64.7z
2024-08-06 18:34:05,487 - aqt.helper - INFO - helper 140250945976128 Redirected: mirrors.sjtug.sjtu.edu.cn
2024-08-06 18:34:05,612 - aqt.helper - DEBUG - helper 139639100081984 Asked to redirect(302) to: https://mirrors.sjtug.sjtu.edu.cn/qt/online/qtsdkrepository/linux_x64/desktop/qt6_663/qt.qt6.663.gcc_64/6.6.3-0-202403191846qttools-Linux-RHEL_8_8-GCC-Linux-RHEL_8_8-X86_64.7z
2024-08-06 18:34:05,612 - aqt.helper - INFO - helper 139639100081984 Redirected: mirrors.sjtug.sjtu.edu.cn
2024-08-06 18:34:06,875 - aqt.installer - INFO - installer 140030485317440 Finished installation of qtpositioning-Linux-RHEL_8_8-GCC-Linux-RHEL_8_8-X86_64.7z in 4.75245121
2024-08-06 18:34:06,891 - aqt.helper - DEBUG - helper 140030485317440 Attempt to download checksum at https://download.qt.io/online/qtsdkrepository/linux_x64/desktop/qt6_663/qt.qt6.663.gcc_64/6.6.3-0-202403191846qtwayland-Linux-RHEL_8_8-GCC-Linux-RHEL_8_8-X86_64.7z.sha256
2024-08-06 18:34:08,133 - aqt.helper - INFO - helper 140030485317440 Downloading qtwayland...
2024-08-06 18:34:08,133 - aqt.installer - DEBUG - installer 140030485317440 Download URL: https://download.qt.io/online/qtsdkrepository/linux_x64/desktop/qt6_663/qt.qt6.663.gcc_64/6.6.3-0-202403191846qtwayland-Linux-RHEL_8_8-GCC-Linux-RHEL_8_8-X86_64.7z
2024-08-06 18:34:08,649 - aqt.installer - INFO - installer 140250945976128 Finished installation of qtsvg-Linux-RHEL_8_8-GCC-Linux-RHEL_8_8-X86_64.7z in 5.62019380
2024-08-06 18:34:08,663 - aqt.helper - DEBUG - helper 140250945976128 Attempt to download checksum at https://download.qt.io/online/qtsdkrepository/linux_x64/desktop/qt6_663/qt.qt6.663.gcc_64/6.6.3-0-202403191846qtdeclarative-Linux-RHEL_8_8-GCC-Linux-RHEL_8_8-X86_64.7z.sha256
2024-08-06 18:34:09,348 - aqt.helper - DEBUG - helper 140030485317440 Asked to redirect(302) to: https://mirrors.sjtug.sjtu.edu.cn/qt/online/qtsdkrepository/linux_x64/desktop/qt6_663/qt.qt6.663.gcc_64/6.6.3-0-202403191846qtwayland-Linux-RHEL_8_8-GCC-Linux-RHEL_8_8-X86_64.7z
2024-08-06 18:34:09,348 - aqt.helper - INFO - helper 140030485317440 Redirected: mirrors.sjtug.sjtu.edu.cn
2024-08-06 18:34:09,949 - aqt.helper - INFO - helper 140250945976128 Downloading qtdeclarative...
2024-08-06 18:34:09,949 - aqt.installer - DEBUG - installer 140250945976128 Download URL: https://download.qt.io/online/qtsdkrepository/linux_x64/desktop/qt6_663/qt.qt6.663.gcc_64/6.6.3-0-202403191846qtdeclarative-Linux-RHEL_8_8-GCC-Linux-RHEL_8_8-X86_64.7z
2024-08-06 18:34:11,230 - aqt.helper - DEBUG - helper 140250945976128 Asked to redirect(302) to: https://mirrors.sjtug.sjtu.edu.cn/qt/online/qtsdkrepository/linux_x64/desktop/qt6_663/qt.qt6.663.gcc_64/6.6.3-0-202403191846qtdeclarative-Linux-RHEL_8_8-GCC-Linux-RHEL_8_8-X86_64.7z
2024-08-06 18:34:11,231 - aqt.helper - INFO - helper 140250945976128 Redirected: mirrors.sjtug.sjtu.edu.cn
2024-08-06 18:34:12,805 - aqt.installer - INFO - installer 140030485317440 Finished installation of qtwayland-Linux-RHEL_8_8-GCC-Linux-RHEL_8_8-X86_64.7z in 5.91708658
2024-08-06 18:34:12,819 - aqt.helper - DEBUG - helper 140030485317440 Attempt to download checksum at https://download.qt.io/online/qtsdkrepository/linux_x64/desktop/qt6_663/qt.qt6.663.gcc_64/6.6.3-0-202403191846icu-linux-Rhel7.2-x64.7z.sha256
2024-08-06 18:34:14,064 - aqt.helper - INFO - helper 140030485317440 Downloading icu...
2024-08-06 18:34:14,064 - aqt.installer - DEBUG - installer 140030485317440 Download URL: https://download.qt.io/online/qtsdkrepository/linux_x64/desktop/qt6_663/qt.qt6.663.gcc_64/6.6.3-0-202403191846icu-linux-Rhel7.2-x64.7z
2024-08-06 18:34:14,893 - aqt.installer - INFO - installer 139928880383808 Finished installation of qtbase-Linux-RHEL_8_8-GCC-Linux-RHEL_8_8-X86_64.7z in 13.64178298
2024-08-06 18:34:14,916 - aqt.helper - DEBUG - helper 139928880383808 Attempt to download checksum at https://download.qt.io/online/qtsdkrepository/linux_x64/desktop/qt6_663/qt.qt6.663.qt5compat.gcc_64/6.6.3-0-202403191846qt5compat-Linux-RHEL_8_8-GCC-Linux-RHEL_8_8-X86_64.7z.sha256
2024-08-06 18:34:15,277 - aqt.helper - DEBUG - helper 140030485317440 Asked to redirect(302) to: https://mirrors.sjtug.sjtu.edu.cn/qt/online/qtsdkrepository/linux_x64/desktop/qt6_663/qt.qt6.663.gcc_64/6.6.3-0-202403191846icu-linux-Rhel7.2-x64.7z
2024-08-06 18:34:15,278 - aqt.helper - INFO - helper 140030485317440 Redirected: mirrors.sjtug.sjtu.edu.cn
2024-08-06 18:34:16,185 - aqt.helper - INFO - helper 139928880383808 Downloading qt5compat...
2024-08-06 18:34:16,185 - aqt.installer - DEBUG - installer 139928880383808 Download URL: https://download.qt.io/online/qtsdkrepository/linux_x64/desktop/qt6_663/qt.qt6.663.qt5compat.gcc_64/6.6.3-0-202403191846qt5compat-Linux-RHEL_8_8-GCC-Linux-RHEL_8_8-X86_64.7z
2024-08-06 18:34:17,414 - aqt.helper - DEBUG - helper 139928880383808 Asked to redirect(302) to: https://mirrors.sjtug.sjtu.edu.cn/qt/online/qtsdkrepository/linux_x64/desktop/qt6_663/qt.qt6.663.qt5compat.gcc_64/6.6.3-0-202403191846qt5compat-Linux-RHEL_8_8-GCC-Linux-RHEL_8_8-X86_64.7z
2024-08-06 18:34:17,414 - aqt.helper - INFO - helper 139928880383808 Redirected: mirrors.sjtug.sjtu.edu.cn
2024-08-06 18:34:20,162 - aqt.installer - INFO - installer 139928880383808 Finished installation of qt5compat-Linux-RHEL_8_8-GCC-Linux-RHEL_8_8-X86_64.7z in 5.24951942
2024-08-06 18:34:20,177 - aqt.helper - DEBUG - helper 139928880383808 Attempt to download checksum at https://download.qt.io/online/qtsdkrepository/linux_x64/desktop/qt6_663/qt.qt6.663.qtquick3d.gcc_64/6.6.3-0-202403191846qtquick3d-Linux-RHEL_8_8-GCC-Linux-RHEL_8_8-X86_64.7z.sha256
2024-08-06 18:34:21,409 - aqt.helper - INFO - helper 139928880383808 Downloading qtquick3d...
2024-08-06 18:34:21,409 - aqt.installer - DEBUG - installer 139928880383808 Download URL: https://download.qt.io/online/qtsdkrepository/linux_x64/desktop/qt6_663/qt.qt6.663.qtquick3d.gcc_64/6.6.3-0-202403191846qtquick3d-Linux-RHEL_8_8-GCC-Linux-RHEL_8_8-X86_64.7z
2024-08-06 18:34:21,449 - aqt.installer - INFO - installer 140030485317440 Finished installation of icu-linux-Rhel7.2-x64.7z in 8.63343883
2024-08-06 18:34:21,468 - aqt.helper - DEBUG - helper 140030485317440 Attempt to download checksum at https://download.qt.io/online/qtsdkrepository/linux_x64/desktop/qt6_663/qt.qt6.663.qtshadertools.gcc_64/6.6.3-0-202403191846qtshadertools-Linux-RHEL_8_8-GCC-Linux-RHEL_8_8-X86_64.7z.sha256
2024-08-06 18:34:22,636 - aqt.helper - DEBUG - helper 139928880383808 Asked to redirect(302) to: https://mirrors.sjtug.sjtu.edu.cn/qt/online/qtsdkrepository/linux_x64/desktop/qt6_663/qt.qt6.663.qtquick3d.gcc_64/6.6.3-0-202403191846qtquick3d-Linux-RHEL_8_8-GCC-Linux-RHEL_8_8-X86_64.7z
2024-08-06 18:34:22,636 - aqt.helper - INFO - helper 139928880383808 Redirected: mirrors.sjtug.sjtu.edu.cn
2024-08-06 18:34:22,689 - aqt.helper - INFO - helper 140030485317440 Downloading qtshadertools...
2024-08-06 18:34:22,689 - aqt.installer - DEBUG - installer 140030485317440 Download URL: https://download.qt.io/online/qtsdkrepository/linux_x64/desktop/qt6_663/qt.qt6.663.qtshadertools.gcc_64/6.6.3-0-202403191846qtshadertools-Linux-RHEL_8_8-GCC-Linux-RHEL_8_8-X86_64.7z
2024-08-06 18:34:22,842 - aqt.installer - INFO - installer 139639100081984 Finished installation of qttools-Linux-RHEL_8_8-GCC-Linux-RHEL_8_8-X86_64.7z in 19.69175862
2024-08-06 18:34:22,862 - aqt.helper - DEBUG - helper 139639100081984 Attempt to download checksum at https://download.qt.io/online/qtsdkrepository/linux_x64/desktop/qt6_663/qt.qt6.663.gcc_64/6.6.3-0-202403191846qttranslations-Linux-RHEL_8_8-GCC-Linux-RHEL_8_8-X86_64.7z.sha256
2024-08-06 18:34:23,934 - aqt.helper - DEBUG - helper 140030485317440 Asked to redirect(302) to: https://mirrors.sjtug.sjtu.edu.cn/qt/online/qtsdkrepository/linux_x64/desktop/qt6_663/qt.qt6.663.qtshadertools.gcc_64/6.6.3-0-202403191846qtshadertools-Linux-RHEL_8_8-GCC-Linux-RHEL_8_8-X86_64.7z
2024-08-06 18:34:23,934 - aqt.helper - INFO - helper 140030485317440 Redirected: mirrors.sjtug.sjtu.edu.cn
2024-08-06 18:34:24,090 - aqt.helper - INFO - helper 139639100081984 Downloading qttranslations...
2024-08-06 18:34:24,091 - aqt.installer - DEBUG - installer 139639100081984 Download URL: https://download.qt.io/online/qtsdkrepository/linux_x64/desktop/qt6_663/qt.qt6.663.gcc_64/6.6.3-0-202403191846qttranslations-Linux-RHEL_8_8-GCC-Linux-RHEL_8_8-X86_64.7z
2024-08-06 18:34:25,414 - aqt.helper - DEBUG - helper 139639100081984 Asked to redirect(302) to: https://mirrors.sjtug.sjtu.edu.cn/qt/online/qtsdkrepository/linux_x64/desktop/qt6_663/qt.qt6.663.gcc_64/6.6.3-0-202403191846qttranslations-Linux-RHEL_8_8-GCC-Linux-RHEL_8_8-X86_64.7z
2024-08-06 18:34:25,415 - aqt.helper - INFO - helper 139639100081984 Redirected: mirrors.sjtug.sjtu.edu.cn
2024-08-06 18:34:30,205 - aqt.installer - INFO - installer 140030485317440 Finished installation of qtshadertools-Linux-RHEL_8_8-GCC-Linux-RHEL_8_8-X86_64.7z in 8.74159359
2024-08-06 18:34:31,500 - aqt.installer - INFO - installer 139639100081984 Finished installation of qttranslations-Linux-RHEL_8_8-GCC-Linux-RHEL_8_8-X86_64.7z in 8.64298937
2024-08-06 18:34:42,797 - aqt.installer - INFO - installer 140250945976128 Finished installation of qtdeclarative-Linux-RHEL_8_8-GCC-Linux-RHEL_8_8-X86_64.7z in 34.13697786
2024-08-06 18:35:09,244 - aqt.installer - INFO - installer 139928880383808 Finished installation of qtquick3d-Linux-RHEL_8_8-GCC-Linux-RHEL_8_8-X86_64.7z in 49.07089294
2024-08-06 18:35:09,398 - aqt.updater - INFO - updater 140559976331072 Patching /opt/Qt/6.6.3/gcc_64/bin/qmake
2024-08-06 18:35:09,405 - aqt.updater - INFO - updater 140559976331072 Patching /opt/Qt/6.6.3/gcc_64/lib/pkgconfig/Qt6PrintSupport.pc
2024-08-06 18:35:09,406 - aqt.updater - INFO - updater 140559976331072 Patching /opt/Qt/6.6.3/gcc_64/lib/pkgconfig/Qt6QuickControls2Material.pc
2024-08-06 18:35:09,406 - aqt.updater - INFO - updater 140559976331072 Patching /opt/Qt/6.6.3/gcc_64/lib/pkgconfig/Qt6QmlCompiler.pc
2024-08-06 18:35:09,406 - aqt.updater - INFO - updater 140559976331072 Patching /opt/Qt/6.6.3/gcc_64/lib/pkgconfig/Qt6Core5Compat.pc
2024-08-06 18:35:09,407 - aqt.updater - INFO - updater 140559976331072 Patching /opt/Qt/6.6.3/gcc_64/lib/pkgconfig/Qt6LabsSharedImage.pc
2024-08-06 18:35:09,407 - aqt.updater - INFO - updater 140559976331072 Patching /opt/Qt/6.6.3/gcc_64/lib/pkgconfig/Qt6ShaderTools.pc
2024-08-06 18:35:09,407 - aqt.updater - INFO - updater 140559976331072 Patching /opt/Qt/6.6.3/gcc_64/lib/pkgconfig/Qt6ChartsQml.pc
2024-08-06 18:35:09,408 - aqt.updater - INFO - updater 140559976331072 Patching /opt/Qt/6.6.3/gcc_64/lib/pkgconfig/Qt6TextToSpeech.pc
2024-08-06 18:35:09,409 - aqt.updater - INFO - updater 140559976331072 Patching /opt/Qt/6.6.3/gcc_64/lib/pkgconfig/Qt6Linguist.pc
2024-08-06 18:35:09,410 - aqt.updater - INFO - updater 140559976331072 Patching /opt/Qt/6.6.3/gcc_64/lib/pkgconfig/Qt6LabsQmlModels.pc
2024-08-06 18:35:09,410 - aqt.updater - INFO - updater 140559976331072 Patching /opt/Qt/6.6.3/gcc_64/lib/pkgconfig/Qt6QuickControls2UniversalStyleImpl.pc
2024-08-06 18:35:09,410 - aqt.updater - INFO - updater 140559976331072 Patching /opt/Qt/6.6.3/gcc_64/lib/pkgconfig/Qt6QuickTemplates2.pc
2024-08-06 18:35:09,411 - aqt.updater - INFO - updater 140559976331072 Patching /opt/Qt/6.6.3/gcc_64/lib/pkgconfig/Qt6QuickTest.pc
2024-08-06 18:35:09,411 - aqt.updater - INFO - updater 140559976331072 Patching /opt/Qt/6.6.3/gcc_64/lib/pkgconfig/Qt6QuickControls2Fusion.pc
2024-08-06 18:35:09,411 - aqt.updater - INFO - updater 140559976331072 Patching /opt/Qt/6.6.3/gcc_64/lib/pkgconfig/Qt6QmlWorkerScript.pc
2024-08-06 18:35:09,411 - aqt.updater - INFO - updater 140559976331072 Patching /opt/Qt/6.6.3/gcc_64/lib/pkgconfig/Qt6SerialPort.pc
2024-08-06 18:35:09,412 - aqt.updater - INFO - updater 140559976331072 Patching /opt/Qt/6.6.3/gcc_64/lib/pkgconfig/Qt6LabsFolderListModel.pc
2024-08-06 18:35:09,412 - aqt.updater - INFO - updater 140559976331072 Patching /opt/Qt/6.6.3/gcc_64/lib/pkgconfig/Qt6Quick3D.pc
2024-08-06 18:35:09,412 - aqt.updater - INFO - updater 140559976331072 Patching /opt/Qt/6.6.3/gcc_64/lib/pkgconfig/Qt6QuickDialogs2.pc
2024-08-06 18:35:09,413 - aqt.updater - INFO - updater 140559976331072 Patching /opt/Qt/6.6.3/gcc_64/lib/pkgconfig/Qt6QmlIntegration.pc
2024-08-06 18:35:09,413 - aqt.updater - INFO - updater 140559976331072 Patching /opt/Qt/6.6.3/gcc_64/lib/pkgconfig/Qt6QDocCatchGeneratorsPrivate.pc
2024-08-06 18:35:09,413 - aqt.updater - INFO - updater 140559976331072 Patching /opt/Qt/6.6.3/gcc_64/lib/pkgconfig/Qt6Gui.pc
2024-08-06 18:35:09,414 - aqt.updater - INFO - updater 140559976331072 Patching /opt/Qt/6.6.3/gcc_64/lib/pkgconfig/Qt6MultimediaWidgets.pc
2024-08-06 18:35:09,415 - aqt.updater - INFO - updater 140559976331072 Patching /opt/Qt/6.6.3/gcc_64/lib/pkgconfig/Qt6QuickControls2FusionStyleImpl.pc
2024-08-06 18:35:09,415 - aqt.updater - INFO - updater 140559976331072 Patching /opt/Qt/6.6.3/gcc_64/lib/pkgconfig/Qt6Quick3DAssetUtils.pc
2024-08-06 18:35:09,415 - aqt.updater - INFO - updater 140559976331072 Patching /opt/Qt/6.6.3/gcc_64/lib/pkgconfig/Qt6QmlCore.pc
2024-08-06 18:35:09,415 - aqt.updater - INFO - updater 140559976331072 Patching /opt/Qt/6.6.3/gcc_64/lib/pkgconfig/Qt6QuickControls2Basic.pc
2024-08-06 18:35:09,416 - aqt.updater - INFO - updater 140559976331072 Patching /opt/Qt/6.6.3/gcc_64/lib/pkgconfig/Qt6Sensors.pc
2024-08-06 18:35:09,416 - aqt.updater - INFO - updater 140559976331072 Patching /opt/Qt/6.6.3/gcc_64/lib/pkgconfig/Qt6Quick3DHelpers.pc
2024-08-06 18:35:09,417 - aqt.updater - INFO - updater 140559976331072 Patching /opt/Qt/6.6.3/gcc_64/lib/pkgconfig/Qt6Help.pc
2024-08-06 18:35:09,417 - aqt.updater - INFO - updater 140559976331072 Patching /opt/Qt/6.6.3/gcc_64/lib/pkgconfig/Qt6Multimedia.pc
2024-08-06 18:35:09,418 - aqt.updater - INFO - updater 140559976331072 Patching /opt/Qt/6.6.3/gcc_64/lib/pkgconfig/Qt6QuickDialogs2Utils.pc
2024-08-06 18:35:09,418 - aqt.updater - INFO - updater 140559976331072 Patching /opt/Qt/6.6.3/gcc_64/lib/pkgconfig/Qt6QuickControls2BasicStyleImpl.pc
2024-08-06 18:35:09,418 - aqt.updater - INFO - updater 140559976331072 Patching /opt/Qt/6.6.3/gcc_64/lib/pkgconfig/Qt6LabsSettings.pc
2024-08-06 18:35:09,418 - aqt.updater - INFO - updater 140559976331072 Patching /opt/Qt/6.6.3/gcc_64/lib/pkgconfig/Qt6Location.pc
2024-08-06 18:35:09,419 - aqt.updater - INFO - updater 140559976331072 Patching /opt/Qt/6.6.3/gcc_64/lib/pkgconfig/Qt6QuickControls2Universal.pc
2024-08-06 18:35:09,419 - aqt.updater - INFO - updater 140559976331072 Patching /opt/Qt/6.6.3/gcc_64/lib/pkgconfig/Qt6QuickControls2ImagineStyleImpl.pc
2024-08-06 18:35:09,419 - aqt.updater - INFO - updater 140559976331072 Patching /opt/Qt/6.6.3/gcc_64/lib/pkgconfig/Qt6Quick3DRuntimeRender.pc
2024-08-06 18:35:09,420 - aqt.updater - INFO - updater 140559976331072 Patching /opt/Qt/6.6.3/gcc_64/lib/pkgconfig/Qt6QuickControls2Imagine.pc
2024-08-06 18:35:09,420 - aqt.updater - INFO - updater 140559976331072 Patching /opt/Qt/6.6.3/gcc_64/lib/pkgconfig/Qt6QmlXmlListModel.pc
2024-08-06 18:35:09,420 - aqt.updater - INFO - updater 140559976331072 Patching /opt/Qt/6.6.3/gcc_64/lib/pkgconfig/Qt6LabsAnimation.pc
2024-08-06 18:35:09,420 - aqt.updater - INFO - updater 140559976331072 Patching /opt/Qt/6.6.3/gcc_64/lib/pkgconfig/Qt6Core.pc
2024-08-06 18:35:09,421 - aqt.updater - INFO - updater 140559976331072 Patching /opt/Qt/6.6.3/gcc_64/lib/pkgconfig/Qt6WaylandClient.pc
2024-08-06 18:35:09,421 - aqt.updater - INFO - updater 140559976331072 Patching /opt/Qt/6.6.3/gcc_64/lib/pkgconfig/Qt6QuickControls2MaterialStyleImpl.pc
2024-08-06 18:35:09,422 - aqt.updater - INFO - updater 140559976331072 Patching /opt/Qt/6.6.3/gcc_64/lib/pkgconfig/Qt6SensorsQuick.pc
2024-08-06 18:35:09,422 - aqt.updater - INFO - updater 140559976331072 Patching /opt/Qt/6.6.3/gcc_64/lib/pkgconfig/Qt6Quick3DParticleEffects.pc
2024-08-06 18:35:09,422 - aqt.updater - INFO - updater 140559976331072 Patching /opt/Qt/6.6.3/gcc_64/lib/pkgconfig/Qt6SvgWidgets.pc
2024-08-06 18:35:09,422 - aqt.updater - INFO - updater 140559976331072 Patching /opt/Qt/6.6.3/gcc_64/lib/pkgconfig/Qt6Positioning.pc
2024-08-06 18:35:09,423 - aqt.updater - INFO - updater 140559976331072 Patching /opt/Qt/6.6.3/gcc_64/lib/pkgconfig/Qt6Charts.pc
2024-08-06 18:35:09,423 - aqt.updater - INFO - updater 140559976331072 Patching /opt/Qt/6.6.3/gcc_64/lib/pkgconfig/Qt6QmlLocalStorage.pc
2024-08-06 18:35:09,424 - aqt.updater - INFO - updater 140559976331072 Patching /opt/Qt/6.6.3/gcc_64/lib/pkgconfig/Qt6QmlModels.pc
2024-08-06 18:35:09,424 - aqt.updater - INFO - updater 140559976331072 Patching /opt/Qt/6.6.3/gcc_64/lib/pkgconfig/Qt6SpatialAudio.pc
2024-08-06 18:35:09,425 - aqt.updater - INFO - updater 140559976331072 Patching /opt/Qt/6.6.3/gcc_64/lib/pkgconfig/Qt6Quick.pc
2024-08-06 18:35:09,425 - aqt.updater - INFO - updater 140559976331072 Patching /opt/Qt/6.6.3/gcc_64/lib/pkgconfig/Qt6Concurrent.pc
2024-08-06 18:35:09,426 - aqt.updater - INFO - updater 140559976331072 Patching /opt/Qt/6.6.3/gcc_64/lib/pkgconfig/Qt6Svg.pc
2024-08-06 18:35:09,426 - aqt.updater - INFO - updater 140559976331072 Patching /opt/Qt/6.6.3/gcc_64/lib/pkgconfig/Qt6Designer.pc
2024-08-06 18:35:09,427 - aqt.updater - INFO - updater 140559976331072 Patching /opt/Qt/6.6.3/gcc_64/lib/pkgconfig/Qt6DBus.pc
2024-08-06 18:35:09,427 - aqt.updater - INFO - updater 140559976331072 Patching /opt/Qt/6.6.3/gcc_64/lib/pkgconfig/Qt6Quick3DEffects.pc
2024-08-06 18:35:09,428 - aqt.updater - INFO - updater 140559976331072 Patching /opt/Qt/6.6.3/gcc_64/lib/pkgconfig/Qt6Quick3DAssetImport.pc
2024-08-06 18:35:09,428 - aqt.updater - INFO - updater 140559976331072 Patching /opt/Qt/6.6.3/gcc_64/lib/pkgconfig/Qt6QuickDialogs2QuickImpl.pc
2024-08-06 18:35:09,428 - aqt.updater - INFO - updater 140559976331072 Patching /opt/Qt/6.6.3/gcc_64/lib/pkgconfig/Qt6Quick3DHelpersImpl.pc
2024-08-06 18:35:09,428 - aqt.updater - INFO - updater 140559976331072 Patching /opt/Qt/6.6.3/gcc_64/lib/pkgconfig/Qt6PositioningQuick.pc
2024-08-06 18:35:09,429 - aqt.updater - INFO - updater 140559976331072 Patching /opt/Qt/6.6.3/gcc_64/lib/pkgconfig/Qt6Widgets.pc
2024-08-06 18:35:09,430 - aqt.updater - INFO - updater 140559976331072 Patching /opt/Qt/6.6.3/gcc_64/lib/pkgconfig/Qt6LabsWavefrontMesh.pc
2024-08-06 18:35:09,430 - aqt.updater - INFO - updater 140559976331072 Patching /opt/Qt/6.6.3/gcc_64/lib/pkgconfig/Qt6QuickControls2.pc
2024-08-06 18:35:09,430 - aqt.updater - INFO - updater 140559976331072 Patching /opt/Qt/6.6.3/gcc_64/lib/pkgconfig/Qt6UiPlugin.pc
2024-08-06 18:35:09,431 - aqt.updater - INFO - updater 140559976331072 Patching /opt/Qt/6.6.3/gcc_64/lib/pkgconfig/Qt6Platform.pc
2024-08-06 18:35:09,431 - aqt.updater - INFO - updater 140559976331072 Patching /opt/Qt/6.6.3/gcc_64/lib/pkgconfig/Qt6Quick3DParticles.pc
2024-08-06 18:35:09,431 - aqt.updater - INFO - updater 140559976331072 Patching /opt/Qt/6.6.3/gcc_64/lib/pkgconfig/Qt6Nfc.pc
2024-08-06 18:35:09,432 - aqt.updater - INFO - updater 140559976331072 Patching /opt/Qt/6.6.3/gcc_64/lib/pkgconfig/Qt6OpenGL.pc
2024-08-06 18:35:09,433 - aqt.updater - INFO - updater 140559976331072 Patching /opt/Qt/6.6.3/gcc_64/lib/pkgconfig/Qt6Quick3DIblBaker.pc
2024-08-06 18:35:09,433 - aqt.updater - INFO - updater 140559976331072 Patching /opt/Qt/6.6.3/gcc_64/lib/pkgconfig/Qt6Quick3DUtils.pc
2024-08-06 18:35:09,434 - aqt.updater - INFO - updater 140559976331072 Patching /opt/Qt/6.6.3/gcc_64/lib/pkgconfig/Qt6UiTools.pc
2024-08-06 18:35:09,434 - aqt.updater - INFO - updater 140559976331072 Patching /opt/Qt/6.6.3/gcc_64/lib/pkgconfig/Qt6QuickLayouts.pc
2024-08-06 18:35:09,434 - aqt.updater - INFO - updater 140559976331072 Patching /opt/Qt/6.6.3/gcc_64/lib/pkgconfig/Qt6Bluetooth.pc
2024-08-06 18:35:09,435 - aqt.updater - INFO - updater 140559976331072 Patching /opt/Qt/6.6.3/gcc_64/lib/pkgconfig/Qt6OpenGLWidgets.pc
2024-08-06 18:35:09,435 - aqt.updater - INFO - updater 140559976331072 Patching /opt/Qt/6.6.3/gcc_64/lib/pkgconfig/Qt6QuickControls2Impl.pc
2024-08-06 18:35:09,436 - aqt.updater - INFO - updater 140559976331072 Patching /opt/Qt/6.6.3/gcc_64/lib/pkgconfig/Qt6Qml.pc
2024-08-06 18:35:09,436 - aqt.updater - INFO - updater 140559976331072 Patching /opt/Qt/6.6.3/gcc_64/lib/pkgconfig/Qt6Test.pc
2024-08-06 18:35:09,436 - aqt.updater - INFO - updater 140559976331072 Patching /opt/Qt/6.6.3/gcc_64/lib/pkgconfig/Qt6Sql.pc
2024-08-06 18:35:09,437 - aqt.updater - INFO - updater 140559976331072 Patching /opt/Qt/6.6.3/gcc_64/lib/pkgconfig/Qt6QuickWidgets.pc
2024-08-06 18:35:09,437 - aqt.updater - INFO - updater 140559976331072 Patching /opt/Qt/6.6.3/gcc_64/lib/pkgconfig/Qt6Network.pc
2024-08-06 18:35:09,438 - aqt.updater - INFO - updater 140559976331072 Patching /opt/Qt/6.6.3/gcc_64/lib/pkgconfig/Qt6Xml.pc
2024-08-06 18:35:09,439 - aqt.updater - INFO - updater 140559976331072 Patching /opt/Qt/6.6.3/gcc_64/lib/pkgconfig/Qt6QDocCatchConversionsPrivate.pc
2024-08-06 18:35:09,440 - aqt.updater - INFO - updater 140559976331072 Patching /opt/Qt/6.6.3/gcc_64/lib/libQt6PrintSupport.prl
2024-08-06 18:35:09,441 - aqt.updater - INFO - updater 140559976331072 Patching /opt/Qt/6.6.3/gcc_64/lib/libQt6WlShellIntegration.prl
2024-08-06 18:35:09,442 - aqt.updater - INFO - updater 140559976331072 Patching /opt/Qt/6.6.3/gcc_64/lib/libQt6QuickControls2UniversalStyleImpl.prl
2024-08-06 18:35:09,442 - aqt.updater - INFO - updater 140559976331072 Patching /opt/Qt/6.6.3/gcc_64/lib/libQt6QuickTemplates2.prl
2024-08-06 18:35:09,442 - aqt.updater - INFO - updater 140559976331072 Patching /opt/Qt/6.6.3/gcc_64/lib/libQt6QuickDialogs2Utils.prl
2024-08-06 18:35:09,442 - aqt.updater - INFO - updater 140559976331072 Patching /opt/Qt/6.6.3/gcc_64/lib/libQt6Help.prl
2024-08-06 18:35:09,443 - aqt.updater - INFO - updater 140559976331072 Patching /opt/Qt/6.6.3/gcc_64/lib/libQt6EglFsKmsSupport.prl
2024-08-06 18:35:09,444 - aqt.updater - INFO - updater 140559976331072 Patching /opt/Qt/6.6.3/gcc_64/lib/libQt6LabsAnimation.prl
2024-08-06 18:35:09,444 - aqt.updater - INFO - updater 140559976331072 Patching /opt/Qt/6.6.3/gcc_64/lib/libQt6QmlModels.prl
2024-08-06 18:35:09,444 - aqt.updater - INFO - updater 140559976331072 Patching /opt/Qt/6.6.3/gcc_64/lib/libQt6Location.prl
2024-08-06 18:35:09,445 - aqt.updater - INFO - updater 140559976331072 Patching /opt/Qt/6.6.3/gcc_64/lib/libQt6QuickControls2Universal.prl
2024-08-06 18:35:09,445 - aqt.updater - INFO - updater 140559976331072 Patching /opt/Qt/6.6.3/gcc_64/lib/libQt6Quick3DSpatialAudio.prl
2024-08-06 18:35:09,446 - aqt.updater - INFO - updater 140559976331072 Patching /opt/Qt/6.6.3/gcc_64/lib/libQt6Nfc.prl
2024-08-06 18:35:09,446 - aqt.updater - INFO - updater 140559976331072 Patching /opt/Qt/6.6.3/gcc_64/lib/libQt6InputSupport.prl
2024-08-06 18:35:09,447 - aqt.updater - INFO - updater 140559976331072 Patching /opt/Qt/6.6.3/gcc_64/lib/libQt6SpatialAudio.prl
2024-08-06 18:35:09,448 - aqt.updater - INFO - updater 140559976331072 Patching /opt/Qt/6.6.3/gcc_64/lib/libQt6ExampleIcons.prl
2024-08-06 18:35:09,449 - aqt.updater - INFO - updater 140559976331072 Patching /opt/Qt/6.6.3/gcc_64/lib/libQt6Quick3DUtils.prl
2024-08-06 18:35:09,449 - aqt.updater - INFO - updater 140559976331072 Patching /opt/Qt/6.6.3/gcc_64/lib/libQt6SerialPort.prl
2024-08-06 18:35:09,450 - aqt.updater - INFO - updater 140559976331072 Patching /opt/Qt/6.6.3/gcc_64/lib/libQt6LabsWavefrontMesh.prl
2024-08-06 18:35:09,450 - aqt.updater - INFO - updater 140559976331072 Patching /opt/Qt/6.6.3/gcc_64/lib/libQt6Qml.prl
2024-08-06 18:35:09,450 - aqt.updater - INFO - updater 140559976331072 Patching /opt/Qt/6.6.3/gcc_64/lib/libQt6OpenGLWidgets.prl
2024-08-06 18:35:09,451 - aqt.updater - INFO - updater 140559976331072 Patching /opt/Qt/6.6.3/gcc_64/lib/libQt6Widgets.prl
2024-08-06 18:35:09,451 - aqt.updater - INFO - updater 140559976331072 Patching /opt/Qt/6.6.3/gcc_64/lib/libQt6PositioningQuick.prl
2024-08-06 18:35:09,452 - aqt.updater - INFO - updater 140559976331072 Patching /opt/Qt/6.6.3/gcc_64/lib/libQt6LabsFolderListModel.prl
2024-08-06 18:35:09,452 - aqt.updater - INFO - updater 140559976331072 Patching /opt/Qt/6.6.3/gcc_64/lib/libQt6Gui.prl
2024-08-06 18:35:09,453 - aqt.updater - INFO - updater 140559976331072 Patching /opt/Qt/6.6.3/gcc_64/lib/libQt6QmlToolingSettings.prl
2024-08-06 18:35:09,453 - aqt.updater - INFO - updater 140559976331072 Patching /opt/Qt/6.6.3/gcc_64/lib/libQt6Sensors.prl
2024-08-06 18:35:09,454 - aqt.updater - INFO - updater 140559976331072 Patching /opt/Qt/6.6.3/gcc_64/lib/libQt6EglFSDeviceIntegration.prl
2024-08-06 18:35:09,454 - aqt.updater - INFO - updater 140559976331072 Patching /opt/Qt/6.6.3/gcc_64/lib/libQt6QuickDialogs2.prl
2024-08-06 18:35:09,454 - aqt.updater - INFO - updater 140559976331072 Patching /opt/Qt/6.6.3/gcc_64/lib/libQt6QuickControls2Material.prl
2024-08-06 18:35:09,455 - aqt.updater - INFO - updater 140559976331072 Patching /opt/Qt/6.6.3/gcc_64/lib/libQt6Network.prl
2024-08-06 18:35:09,455 - aqt.updater - INFO - updater 140559976331072 Patching /opt/Qt/6.6.3/gcc_64/lib/libQt6MultimediaWidgets.prl
2024-08-06 18:35:09,456 - aqt.updater - INFO - updater 140559976331072 Patching /opt/Qt/6.6.3/gcc_64/lib/libQt6QuickWidgets.prl
2024-08-06 18:35:09,456 - aqt.updater - INFO - updater 140559976331072 Patching /opt/Qt/6.6.3/gcc_64/lib/libQt6QuickDialogs2QuickImpl.prl
2024-08-06 18:35:09,456 - aqt.updater - INFO - updater 140559976331072 Patching /opt/Qt/6.6.3/gcc_64/lib/libQt6QuickControls2.prl
2024-08-06 18:35:09,456 - aqt.updater - INFO - updater 140559976331072 Patching /opt/Qt/6.6.3/gcc_64/lib/libQt6ShaderTools.prl
2024-08-06 18:35:09,457 - aqt.updater - INFO - updater 140559976331072 Patching /opt/Qt/6.6.3/gcc_64/lib/libQt6QmlDebug.prl
2024-08-06 18:35:09,457 - aqt.updater - INFO - updater 140559976331072 Patching /opt/Qt/6.6.3/gcc_64/lib/libQt6QuickControls2ImagineStyleImpl.prl
2024-08-06 18:35:09,457 - aqt.updater - INFO - updater 140559976331072 Patching /opt/Qt/6.6.3/gcc_64/lib/libQt6QuickEffects.prl
2024-08-06 18:35:09,457 - aqt.updater - INFO - updater 140559976331072 Patching /opt/Qt/6.6.3/gcc_64/lib/libQt6ChartsQml.prl
2024-08-06 18:35:09,458 - aqt.updater - INFO - updater 140559976331072 Patching /opt/Qt/6.6.3/gcc_64/lib/libQt6Quick3DEffects.prl
2024-08-06 18:35:09,458 - aqt.updater - INFO - updater 140559976331072 Patching /opt/Qt/6.6.3/gcc_64/lib/libQt6Charts.prl
2024-08-06 18:35:09,459 - aqt.updater - INFO - updater 140559976331072 Patching /opt/Qt/6.6.3/gcc_64/lib/libQt6QuickControls2FusionStyleImpl.prl
2024-08-06 18:35:09,459 - aqt.updater - INFO - updater 140559976331072 Patching /opt/Qt/6.6.3/gcc_64/lib/libQt6Quick3DHelpersImpl.prl
2024-08-06 18:35:09,459 - aqt.updater - INFO - updater 140559976331072 Patching /opt/Qt/6.6.3/gcc_64/lib/libQt6PacketProtocol.prl
2024-08-06 18:35:09,460 - aqt.updater - INFO - updater 140559976331072 Patching /opt/Qt/6.6.3/gcc_64/lib/libQt6QmlXmlListModel.prl
2024-08-06 18:35:09,460 - aqt.updater - INFO - updater 140559976331072 Patching /opt/Qt/6.6.3/gcc_64/lib/libQt6QmlLocalStorage.prl
2024-08-06 18:35:09,460 - aqt.updater - INFO - updater 140559976331072 Patching /opt/Qt/6.6.3/gcc_64/lib/libQt6QuickControlsTestUtils.prl
2024-08-06 18:35:09,460 - aqt.updater - INFO - updater 140559976331072 Patching /opt/Qt/6.6.3/gcc_64/lib/libQt6Quick3DHelpers.prl
2024-08-06 18:35:09,460 - aqt.updater - INFO - updater 140559976331072 Patching /opt/Qt/6.6.3/gcc_64/lib/libQt6Xml.prl
2024-08-06 18:35:09,461 - aqt.updater - INFO - updater 140559976331072 Patching /opt/Qt/6.6.3/gcc_64/lib/libQt6Quick3DParticleEffects.prl
2024-08-06 18:35:09,461 - aqt.updater - INFO - updater 140559976331072 Patching /opt/Qt/6.6.3/gcc_64/lib/libQt6Positioning.prl
2024-08-06 18:35:09,462 - aqt.updater - INFO - updater 140559976331072 Patching /opt/Qt/6.6.3/gcc_64/lib/libQt6LabsSettings.prl
2024-08-06 18:35:09,462 - aqt.updater - INFO - updater 140559976331072 Patching /opt/Qt/6.6.3/gcc_64/lib/libQt6WaylandClient.prl
2024-08-06 18:35:09,462 - aqt.updater - INFO - updater 140559976331072 Patching /opt/Qt/6.6.3/gcc_64/lib/libQt6FbSupport.prl
2024-08-06 18:35:09,463 - aqt.updater - INFO - updater 140559976331072 Patching /opt/Qt/6.6.3/gcc_64/lib/libQt6QuickControls2MaterialStyleImpl.prl
2024-08-06 18:35:09,464 - aqt.updater - INFO - updater 140559976331072 Patching /opt/Qt/6.6.3/gcc_64/lib/libQt6TextToSpeech.prl
2024-08-06 18:35:09,464 - aqt.updater - INFO - updater 140559976331072 Patching /opt/Qt/6.6.3/gcc_64/lib/libQt6QuickShapes.prl
2024-08-06 18:35:09,465 - aqt.updater - INFO - updater 140559976331072 Patching /opt/Qt/6.6.3/gcc_64/lib/libQt6QuickControls2Impl.prl
2024-08-06 18:35:09,465 - aqt.updater - INFO - updater 140559976331072 Patching /opt/Qt/6.6.3/gcc_64/lib/libQt6Quick3DIblBaker.prl
2024-08-06 18:35:09,465 - aqt.updater - INFO - updater 140559976331072 Patching /opt/Qt/6.6.3/gcc_64/lib/libQt6SensorsQuick.prl
2024-08-06 18:35:09,465 - aqt.updater - INFO - updater 140559976331072 Patching /opt/Qt/6.6.3/gcc_64/lib/libQt6QuickTest.prl
2024-08-06 18:35:09,466 - aqt.updater - INFO - updater 140559976331072 Patching /opt/Qt/6.6.3/gcc_64/lib/libQt6KmsSupport.prl
2024-08-06 18:35:09,466 - aqt.updater - INFO - updater 140559976331072 Patching /opt/Qt/6.6.3/gcc_64/lib/libQt6Quick3D.prl
2024-08-06 18:35:09,466 - aqt.updater - INFO - updater 140559976331072 Patching /opt/Qt/6.6.3/gcc_64/lib/libQt6LabsQmlModels.prl
2024-08-06 18:35:09,467 - aqt.updater - INFO - updater 140559976331072 Patching /opt/Qt/6.6.3/gcc_64/lib/libQt6Core5Compat.prl
2024-08-06 18:35:09,468 - aqt.updater - INFO - updater 140559976331072 Patching /opt/Qt/6.6.3/gcc_64/lib/libQt6QuickTestUtils.prl
2024-08-06 18:35:09,468 - aqt.updater - INFO - updater 140559976331072 Patching /opt/Qt/6.6.3/gcc_64/lib/libQt6QuickParticles.prl
2024-08-06 18:35:09,468 - aqt.updater - INFO - updater 140559976331072 Patching /opt/Qt/6.6.3/gcc_64/lib/libQt6DBus.prl
2024-08-06 18:35:09,468 - aqt.updater - INFO - updater 140559976331072 Patching /opt/Qt/6.6.3/gcc_64/lib/libQt6WaylandEglClientHwIntegration.prl
2024-08-06 18:35:09,469 - aqt.updater - INFO - updater 140559976331072 Patching /opt/Qt/6.6.3/gcc_64/lib/libQt6QuickControls2Imagine.prl
2024-08-06 18:35:09,470 - aqt.updater - INFO - updater 140559976331072 Patching /opt/Qt/6.6.3/gcc_64/lib/libQt6Quick3DAssetImport.prl
2024-08-06 18:35:09,470 - aqt.updater - INFO - updater 140559976331072 Patching /opt/Qt/6.6.3/gcc_64/lib/libQt6OpenGL.prl
2024-08-06 18:35:09,470 - aqt.updater - INFO - updater 140559976331072 Patching /opt/Qt/6.6.3/gcc_64/lib/libQt6DeviceDiscoverySupport.prl
2024-08-06 18:35:09,471 - aqt.updater - INFO - updater 140559976331072 Patching /opt/Qt/6.6.3/gcc_64/lib/libQt6QmlTypeRegistrar.prl
2024-08-06 18:35:09,471 - aqt.updater - INFO - updater 140559976331072 Patching /opt/Qt/6.6.3/gcc_64/lib/libQt6Bluetooth.prl
2024-08-06 18:35:09,472 - aqt.updater - INFO - updater 140559976331072 Patching /opt/Qt/6.6.3/gcc_64/lib/libQt6Concurrent.prl
2024-08-06 18:35:09,472 - aqt.updater - INFO - updater 140559976331072 Patching /opt/Qt/6.6.3/gcc_64/lib/libQt6SvgWidgets.prl
2024-08-06 18:35:09,473 - aqt.updater - INFO - updater 140559976331072 Patching /opt/Qt/6.6.3/gcc_64/lib/libQt6Svg.prl
2024-08-06 18:35:09,473 - aqt.updater - INFO - updater 140559976331072 Patching /opt/Qt/6.6.3/gcc_64/lib/libQt6XcbQpa.prl
2024-08-06 18:35:09,474 - aqt.updater - INFO - updater 140559976331072 Patching /opt/Qt/6.6.3/gcc_64/lib/libQt6QmlWorkerScript.prl
2024-08-06 18:35:09,474 - aqt.updater - INFO - updater 140559976331072 Patching /opt/Qt/6.6.3/gcc_64/lib/libQt6QmlDom.prl
2024-08-06 18:35:09,474 - aqt.updater - INFO - updater 140559976331072 Patching /opt/Qt/6.6.3/gcc_64/lib/libQt6QuickLayouts.prl
2024-08-06 18:35:09,475 - aqt.updater - INFO - updater 140559976331072 Patching /opt/Qt/6.6.3/gcc_64/lib/libQt6UiTools.prl
2024-08-06 18:35:09,475 - aqt.updater - INFO - updater 140559976331072 Patching /opt/Qt/6.6.3/gcc_64/lib/libQt6Quick3DRuntimeRender.prl
2024-08-06 18:35:09,475 - aqt.updater - INFO - updater 140559976331072 Patching /opt/Qt/6.6.3/gcc_64/lib/libQt6QmlCore.prl
2024-08-06 18:35:09,475 - aqt.updater - INFO - updater 140559976331072 Patching /opt/Qt/6.6.3/gcc_64/lib/libQt6QuickControls2Fusion.prl
2024-08-06 18:35:09,476 - aqt.updater - INFO - updater 140559976331072 Patching /opt/Qt/6.6.3/gcc_64/lib/libQt6Quick3DAssetUtils.prl
2024-08-06 18:35:09,476 - aqt.updater - INFO - updater 140559976331072 Patching /opt/Qt/6.6.3/gcc_64/lib/libQt6Quick3DGlslParser.prl
2024-08-06 18:35:09,476 - aqt.updater - INFO - updater 140559976331072 Patching /opt/Qt/6.6.3/gcc_64/lib/libQt6Test.prl
2024-08-06 18:35:09,477 - aqt.updater - INFO - updater 140559976331072 Patching /opt/Qt/6.6.3/gcc_64/lib/libQt6Core.prl
2024-08-06 18:35:09,477 - aqt.updater - INFO - updater 140559976331072 Patching /opt/Qt/6.6.3/gcc_64/lib/libQt6QmlCompiler.prl
2024-08-06 18:35:09,477 - aqt.updater - INFO - updater 140559976331072 Patching /opt/Qt/6.6.3/gcc_64/lib/libQt6Quick.prl
2024-08-06 18:35:09,478 - aqt.updater - INFO - updater 140559976331072 Patching /opt/Qt/6.6.3/gcc_64/lib/libQt6QuickControls2Basic.prl
2024-08-06 18:35:09,478 - aqt.updater - INFO - updater 140559976331072 Patching /opt/Qt/6.6.3/gcc_64/lib/libQt6QmlLS.prl
2024-08-06 18:35:09,478 - aqt.updater - INFO - updater 140559976331072 Patching /opt/Qt/6.6.3/gcc_64/lib/libQt6QuickControls2BasicStyleImpl.prl
2024-08-06 18:35:09,478 - aqt.updater - INFO - updater 140559976331072 Patching /opt/Qt/6.6.3/gcc_64/lib/libQt6Sql.prl
2024-08-06 18:35:09,479 - aqt.updater - INFO - updater 140559976331072 Patching /opt/Qt/6.6.3/gcc_64/lib/libQt6LabsSharedImage.prl
2024-08-06 18:35:09,479 - aqt.updater - INFO - updater 140559976331072 Patching /opt/Qt/6.6.3/gcc_64/lib/libQt6MultimediaQuick.prl
2024-08-06 18:35:09,479 - aqt.updater - INFO - updater 140559976331072 Patching /opt/Qt/6.6.3/gcc_64/lib/libQt6Multimedia.prl
2024-08-06 18:35:09,480 - aqt.updater - INFO - updater 140559976331072 Patching /opt/Qt/6.6.3/gcc_64/lib/libQt6DesignerComponents.prl
2024-08-06 18:35:09,481 - aqt.updater - INFO - updater 140559976331072 Patching /opt/Qt/6.6.3/gcc_64/lib/libQt6Designer.prl
2024-08-06 18:35:09,482 - aqt.updater - INFO - updater 140559976331072 Patching /opt/Qt/6.6.3/gcc_64/lib/libQt6Quick3DParticles.prl
2024-08-06 18:35:09,482 - aqt.main - INFO - installer 140559976331072 Finished installation
2024-08-06 18:35:09,482 - aqt.main - INFO - installer 140559976331072 Time elapsed: 87.57765843 second
